/home/hugo/local/src/closure-library/closure/goog/array/array.js
/home/hugo/local/src/closure-library/closure/goog/asserts/asserts.js
/home/hugo/local/src/closure-library/closure/goog/color/alpha.js
/home/hugo/local/src/closure-library/closure/goog/color/color.js
/home/hugo/local/src/closure-library/closure/goog/crypt/base64.js
/home/hugo/local/src/closure-library/closure/goog/crypt/crypt.js
/home/hugo/local/src/closure-library/closure/goog/crypt/sha1.js
/home/hugo/local/src/closure-library/closure/goog/datasource/datasource.js
/home/hugo/local/src/closure-library/closure/goog/datasource/expr.js
/home/hugo/local/src/closure-library/closure/goog/datasource/fastdatanode.js
/home/hugo/local/src/closure-library/closure/goog/datasource/jsxmlhttpdatasource.js
/home/hugo/local/src/closure-library/closure/goog/datasource/xmldatasource.js
/home/hugo/local/src/closure-library/closure/goog/debug/debug.js
/home/hugo/local/src/closure-library/closure/goog/debug/fancywindow.js
/home/hugo/local/src/closure-library/closure/goog/debug/gcdiagnostics.js
/home/hugo/local/src/closure-library/closure/goog/debug/logger.js
/home/hugo/local/src/closure-library/closure/goog/dom/abstractrange.js
/home/hugo/local/src/closure-library/closure/goog/dom/annotate.js
/home/hugo/local/src/closure-library/closure/goog/dom/classes.js
/home/hugo/local/src/closure-library/closure/goog/dom/controlrange.js
/home/hugo/local/src/closure-library/closure/goog/dom/dom.js
/home/hugo/local/src/closure-library/closure/goog/dom/forms.js
/home/hugo/local/src/closure-library/closure/goog/dom/multirange.js
/home/hugo/local/src/closure-library/closure/goog/dom/tagiterator.js
/home/hugo/local/src/closure-library/closure/goog/dom/textrange.js
/home/hugo/local/src/closure-library/closure/goog/dom/viewportsizemonitor.js
/home/hugo/local/src/closure-library/closure/goog/dom/xml.js
/home/hugo/local/src/closure-library/closure/goog/editor/field.js
/home/hugo/local/src/closure-library/closure/goog/editor/plugin.js
/home/hugo/local/src/closure-library/closure/goog/editor/seamlessfield_test.js
/home/hugo/local/src/closure-library/closure/goog/events/events.js
/home/hugo/local/src/closure-library/closure/goog/events/pools.js
/home/hugo/local/src/closure-library/closure/goog/format/format.js
/home/hugo/local/src/closure-library/closure/goog/functions/functions.js
/home/hugo/local/src/closure-library/closure/goog/fx/animationqueue.js
/home/hugo/local/src/closure-library/closure/goog/gears/basestore.js
/home/hugo/local/src/closure-library/closure/goog/gears/database.js
/home/hugo/local/src/closure-library/closure/goog/gears/managedresourcestore.js
/home/hugo/local/src/closure-library/closure/goog/graphics/path.js
/home/hugo/local/src/closure-library/closure/goog/i18n/mime.js
/home/hugo/local/src/closure-library/closure/goog/i18n/numberformat.js
/home/hugo/local/src/closure-library/closure/goog/iter/iter.js
/home/hugo/local/src/closure-library/closure/goog/json/json.js
/home/hugo/local/src/closure-library/closure/goog/locale/countries.js
/home/hugo/local/src/closure-library/closure/goog/locale/datetimeparse.js
/home/hugo/local/src/closure-library/closure/goog/locale/formatting.js
/home/hugo/local/src/closure-library/closure/goog/locale/numberformat.js
/home/hugo/local/src/closure-library/closure/goog/locale/timezone.js
/home/hugo/local/src/closure-library/closure/goog/math/box.js
/home/hugo/local/src/closure-library/closure/goog/math/math.js
/home/hugo/local/src/closure-library/closure/goog/math/matrix.js
/home/hugo/local/src/closure-library/closure/goog/math/rangeset.js
/home/hugo/local/src/closure-library/closure/goog/module/abstractmoduleloader.js
/home/hugo/local/src/closure-library/closure/goog/module/basemoduleloader.js
/home/hugo/local/src/closure-library/closure/goog/module/loader.js
/home/hugo/local/src/closure-library/closure/goog/module/module.js
/home/hugo/local/src/closure-library/closure/goog/module/moduleloader.js
/home/hugo/local/src/closure-library/closure/goog/module/modulemanager.js
/home/hugo/local/src/closure-library/closure/goog/net/browserchannel.js
/home/hugo/local/src/closure-library/closure/goog/net/channeldebug.js
/home/hugo/local/src/closure-library/closure/goog/net/imageloader.js
/home/hugo/local/src/closure-library/closure/goog/object/object.js
/home/hugo/local/src/closure-library/closure/goog/proto/serializer.js
/home/hugo/local/src/closure-library/closure/goog/proto2/message.js
/home/hugo/local/src/closure-library/closure/goog/proto2/package_test.pb.js
/home/hugo/local/src/closure-library/closure/goog/proto2/test.pb.js
/home/hugo/local/src/closure-library/closure/goog/pubsub/pubsub.js
/home/hugo/local/src/closure-library/closure/goog/spell/spellcheck.js
/home/hugo/local/src/closure-library/closure/goog/string/string.js
/home/hugo/local/src/closure-library/closure/goog/string/stringbuffer.js
/home/hugo/local/src/closure-library/closure/goog/string/stringformat.js
/home/hugo/local/src/closure-library/closure/goog/structs/avltree.js
/home/hugo/local/src/closure-library/closure/goog/structs/circularbuffer.js
/home/hugo/local/src/closure-library/closure/goog/structs/heap.js
/home/hugo/local/src/closure-library/closure/goog/structs/inversionmap.js
/home/hugo/local/src/closure-library/closure/goog/structs/linkedmap.js
/home/hugo/local/src/closure-library/closure/goog/structs/map.js
/home/hugo/local/src/closure-library/closure/goog/structs/quadtree.js
/home/hugo/local/src/closure-library/closure/goog/structs/queue.js
/home/hugo/local/src/closure-library/closure/goog/structs/set.js
/home/hugo/local/src/closure-library/closure/goog/structs/stringset.js
/home/hugo/local/src/closure-library/closure/goog/structs/structs.js
/home/hugo/local/src/closure-library/closure/goog/structs/treenode.js
/home/hugo/local/src/closure-library/closure/goog/structs/trie.js
/home/hugo/local/src/closure-library/closure/goog/style/style.js
/home/hugo/local/src/closure-library/closure/goog/testing/asserts.js
/home/hugo/local/src/closure-library/closure/goog/testing/expectedfailures.js
/home/hugo/local/src/closure-library/closure/goog/testing/functionmock.js
/home/hugo/local/src/closure-library/closure/goog/testing/loosemock.js
/home/hugo/local/src/closure-library/closure/goog/testing/mock.js
/home/hugo/local/src/closure-library/closure/goog/testing/mockclassfactory.js
/home/hugo/local/src/closure-library/closure/goog/testing/mockclock.js
/home/hugo/local/src/closure-library/closure/goog/testing/mockcontrol.js
/home/hugo/local/src/closure-library/closure/goog/testing/mockmatchers.js
/home/hugo/local/src/closure-library/closure/goog/testing/mockrange.js
/home/hugo/local/src/closure-library/closure/goog/testing/multitestrunner.js
/home/hugo/local/src/closure-library/closure/goog/testing/recordfunction.js
/home/hugo/local/src/closure-library/closure/goog/testing/strictmock.js
/home/hugo/local/src/closure-library/closure/goog/testing/testcase.js
/home/hugo/local/src/closure-library/closure/goog/testing/testrunner.js
/home/hugo/local/src/closure-library/closure/goog/ui/hsvapalette.js
/home/hugo/local/src/closure-library/closure/goog/ui/keyboardshortcuthandler.js
/home/hugo/local/src/closure-library/closure/goog/ui/serverchart.js
/home/hugo/local/src/closure-library/closure/goog/ui/tabpane.js
/home/hugo/local/src/closure-library/closure/goog/uri/uri.js
/home/hugo/local/src/closure-library/closure/goog/uri/utils.js
